c:\users\kat\source\repos\iceman\iceman\debug\vc141.pdb
c:\users\kat\source\repos\iceman\iceman\debug\vc141.idb
c:\users\kat\source\repos\iceman\iceman\debug\main.obj
c:\users\kat\source\repos\iceman\iceman\debug\gameworld.obj
c:\users\kat\source\repos\iceman\iceman\debug\gamecontroller.obj
c:\users\kat\source\repos\iceman\iceman\debug\studentworld.obj
c:\users\kat\source\repos\iceman\iceman\debug\actor.obj
c:\users\kat\source\repos\iceman\debug\iceman.exe
c:\users\kat\source\repos\iceman\debug\iceman.ilk
c:\users\kat\source\repos\iceman\debug\iceman.pdb
c:\users\kat\source\repos\iceman\iceman\debug\nativecodeanalysis.read.1.tlog
c:\users\kat\source\repos\iceman\iceman\debug\actor.nativecodeanalysis.xml
c:\users\kat\source\repos\iceman\iceman\debug\gamecontroller.nativecodeanalysis.xml
c:\users\kat\source\repos\iceman\iceman\debug\gameworld.nativecodeanalysis.xml
c:\users\kat\source\repos\iceman\iceman\debug\main.nativecodeanalysis.xml
c:\users\kat\source\repos\iceman\iceman\debug\studentworld.nativecodeanalysis.xml
c:\users\kat\source\repos\iceman\iceman\debug\vc.nativecodeanalysis.all.xml
c:\users\kat\source\repos\iceman\debug\iceman.exe.lastcodeanalysissucceeded
c:\users\kat\source\repos\iceman\iceman\debug\iceman.tlog\cl.command.1.tlog
c:\users\kat\source\repos\iceman\iceman\debug\iceman.tlog\cl.read.1.tlog
c:\users\kat\source\repos\iceman\iceman\debug\iceman.tlog\cl.write.1.tlog
c:\users\kat\source\repos\iceman\iceman\debug\iceman.tlog\link.command.1.tlog
c:\users\kat\source\repos\iceman\iceman\debug\iceman.tlog\link.read.1.tlog
c:\users\kat\source\repos\iceman\iceman\debug\iceman.tlog\link.write.1.tlog
